This file contains any messages produced by compilers while
running configure, to aid debugging if configure makes a mistake.

It was created by libfproj4 configure 1.0, which was
generated by GNU Autoconf 2.59.  Invocation command line was

  $ ./configure CPPFLAGS=-DIFORT   CC=mpiicc CFLAGS=-O3 CXX=mpiicpc CXXFLAGS=-O3 FC=mpiifort FFLAGS=-O3 --with-proj4=/work/gy29/y29007/Github/fvcom442/FVCOM_source_new/libs/install --prefix=/work/gy29/y29007/Github/fvcom442/FVCOM_source_new/libs/install

## --------- ##
## Platform. ##
## --------- ##

hostname = obcx02.obcx
uname -m = x86_64
uname -r = 3.10.0-957.21.3.el7.x86_64
uname -s = Linux
uname -v = #1 SMP Fri Jun 14 02:54:29 EDT 2019

/usr/bin/uname -p = x86_64
/bin/uname -X     = unknown

/bin/arch              = x86_64
/usr/bin/arch -k       = unknown
/usr/convex/getsysinfo = unknown
hostinfo               = unknown
/bin/machine           = unknown
/usr/bin/oslevel       = unknown
/bin/universe          = unknown

PATH: /work/opt/local/apps/intel/2020.4.304/netcdf-fortran/4.5.3/bin
PATH: /work/opt/local/apps/intel/2020.4.304/hdf5/1.12.0/bin
PATH: /work/opt/local/apps/intel/2020.4.304/netcdf/4.7.4/bin
PATH: /work/gy29/y29007/local/texlive/2022/bin/x86_64-linux
PATH: /work/opt/local/apps/miniconda/3.9/bin
PATH: /work/opt/local/apps/miniconda/3.9/condabin
PATH: /home/opt/local/cores/intel/impi/2019.9.304/intel64/libfabric/bin
PATH: /home/opt/local/cores/intel/impi/2019.9.304/intel64/bin
PATH: /home/opt/local/cores/intel/compilers_and_libraries_2020.4.304/linux/bin/intel64
PATH: /usr/lib64/qt-3.3/bin
PATH: /usr/local/bin
PATH: /usr/bin
PATH: /usr/local/sbin
PATH: /usr/sbin
PATH: /home/y29007/.local/bin
PATH: /home/y29007/bin


## ----------- ##
## Core tests. ##
## ----------- ##

configure:1324: checking for a BSD-compatible install
configure:1379: result: /usr/bin/install -c
configure:1390: checking whether build environment is sane
configure:1433: result: yes
configure:1498: checking for gawk
configure:1514: found /usr/bin/gawk
configure:1524: result: gawk
configure:1534: checking whether make sets $(MAKE)
configure:1554: result: yes
configure:1768: checking for gcc
configure:1794: result: mpiicc
configure:2038: checking for C compiler version
configure:2041: mpiicc --version </dev/null >&5
icc (ICC) 19.1.3.304 20200925
Copyright (C) 1985-2020 Intel Corporation.  All rights reserved.

configure:2044: $? = 0
configure:2046: mpiicc -v </dev/null >&5
mpiicc for the Intel(R) MPI Library 2019 Update 9 for Linux*
Copyright 2003-2020, Intel Corporation.
icc version 19.1.3.304 (gcc version 4.8.5 compatibility)
configure:2049: $? = 0
configure:2051: mpiicc -V </dev/null >&5
Intel(R) C Intel(R) 64 Compiler for applications running on Intel(R) 64, Version 19.1.3.304 Build 20200925_000000
Copyright (C) 1985-2020 Intel Corporation.  All rights reserved.

configure:2054: $? = 0
configure:2077: checking for C compiler default output file name
configure:2080: mpiicc -O3 -DIFORT    conftest.c  >&5
configure:2083: $? = 0
configure:2129: result: a.out
configure:2134: checking whether the C compiler works
configure:2140: ./a.out
configure:2143: $? = 0
configure:2160: result: yes
configure:2167: checking whether we are cross compiling
configure:2169: result: no
configure:2172: checking for suffix of executables
configure:2174: mpiicc -o conftest -O3 -DIFORT    conftest.c  >&5
configure:2177: $? = 0
configure:2202: result: 
configure:2208: checking for suffix of object files
configure:2229: mpiicc -c -O3 -DIFORT   conftest.c >&5
configure:2232: $? = 0
configure:2254: result: o
configure:2258: checking whether we are using the GNU C compiler
configure:2282: mpiicc -c -O3 -DIFORT   conftest.c >&5
configure:2288: $? = 0
configure:2291: test -z 			 || test ! -s conftest.err
configure:2294: $? = 0
configure:2297: test -s conftest.o
configure:2300: $? = 0
configure:2313: result: yes
configure:2319: checking whether mpiicc accepts -g
configure:2340: mpiicc -c -g -DIFORT   conftest.c >&5
configure:2346: $? = 0
configure:2349: test -z 			 || test ! -s conftest.err
configure:2352: $? = 0
configure:2355: test -s conftest.o
configure:2358: $? = 0
configure:2369: result: yes
configure:2386: checking for mpiicc option to accept ANSI C
configure:2456: mpiicc  -c -O3 -DIFORT   conftest.c >&5
configure:2462: $? = 0
configure:2465: test -z 			 || test ! -s conftest.err
configure:2468: $? = 0
configure:2471: test -s conftest.o
configure:2474: $? = 0
configure:2492: result: none needed
configure:2510: mpiicc -c -O3 -DIFORT   conftest.c >&5
conftest.c(2): error: identifier "choke" is undefined
    choke me
    ^

conftest.c(3): error: expected a ";"

compilation aborted for conftest.c (code 2)
configure:2516: $? = 2
configure: failed program was:
| #ifndef __cplusplus
|   choke me
| #endif
configure:2657: checking for style of include used by make
configure:2685: result: GNU
configure:2713: checking dependency style of mpiicc
configure:2803: result: gcc3
configure:2861: checking for ranlib
configure:2877: found /usr/bin/ranlib
configure:2888: result: ranlib
configure:2992: checking for Fortran compiler version
configure:2995: mpiifort --version </dev/null >&5
ifort (IFORT) 19.1.3.304 20200925
Copyright (C) 1985-2020 Intel Corporation.  All rights reserved.

configure:2998: $? = 0
configure:3000: mpiifort -v </dev/null >&5
mpiifort for the Intel(R) MPI Library 2019 Update 9 for Linux*
Copyright 2003-2020, Intel Corporation.
ifort version 19.1.3.304
configure:3003: $? = 0
configure:3005: mpiifort -V </dev/null >&5
Intel(R) Fortran Intel(R) 64 Compiler for applications running on Intel(R) 64, Version 19.1.3.304 Build 20200925_000000
Copyright (C) 1985-2020 Intel Corporation.  All rights reserved.

configure:3008: $? = 0
configure:3016: checking whether we are using the GNU Fortran compiler
configure:3030: mpiifort -c   conftest.F >&5
conftest.F(3): error #5082: Syntax error, found END-OF-STATEMENT when expecting one of: ( : % [ . = =>
       choke me
---------------^
conftest.F(3): error #6218: This statement is positioned incorrectly and/or has syntax errors.
       choke me
-------^
compilation aborted for conftest.F (code 1)
configure:3036: $? = 1
configure: failed program was:
|       program main
| #ifndef __GNUC__
|        choke me
| #endif
| 
|       end
configure:3061: result: no
configure:3067: checking whether mpiifort accepts -g
configure:3079: mpiifort -c -g  conftest.f >&5
configure:3085: $? = 0
configure:3088: test -z 			 || test ! -s conftest.err
configure:3091: $? = 0
configure:3094: test -s conftest.o
configure:3097: $? = 0
configure:3109: result: yes
configure:3139: checking for Fortran flag to compile .f90 files
configure:3156: mpiifort -c -g  conftest.f90 >&5
configure:3162: $? = 0
configure:3165: test -z 			 || test ! -s conftest.err
configure:3168: $? = 0
configure:3171: test -s conftest.o
configure:3174: $? = 0
configure:3188: result: none
configure:3213: mpiifort -c -g  conftest.f90 >&5
configure:3219: $? = 0
configure:3222: test -z 			 || test ! -s conftest.err
configure:3225: $? = 0
configure:3228: test -s conftest.o
configure:3231: $? = 0
configure:3253: checking for exp in -lm
configure:3283: mpiicc -o conftest -O3 -DIFORT    conftest.c -lm   >&5
configure:3289: $? = 0
configure:3292: test -z 			 || test ! -s conftest.err
configure:3295: $? = 0
configure:3298: test -s conftest
configure:3301: $? = 0
configure:3314: result: yes
configure:3332: result: proj4 location: /work/gy29/y29007/Github/fvcom442/FVCOM_source_new/libs/install
configure:3339: checking for pj_init in -lproj
configure:3369: mpiicc -o conftest -O3 -DIFORT   -I/work/gy29/y29007/Github/fvcom442/FVCOM_source_new/libs/install/include  -L/work/gy29/y29007/Github/fvcom442/FVCOM_source_new/libs/install/lib conftest.c -lproj  -lm  >&5
configure:3375: $? = 0
configure:3378: test -z 			 || test ! -s conftest.err
configure:3381: $? = 0
configure:3384: test -s conftest
configure:3387: $? = 0
configure:3400: result: yes
configure:3560: creating ./config.status

## ---------------------- ##
## Running config.status. ##
## ---------------------- ##

This file was extended by libfproj4 config.status 1.0, which was
generated by GNU Autoconf 2.59.  Invocation command line was

  CONFIG_FILES    = 
  CONFIG_HEADERS  = 
  CONFIG_LINKS    = 
  CONFIG_COMMANDS = 
  $ ./config.status 

on obcx02.obcx

config.status:724: creating Makefile
config.status:869: executing depfiles commands

## ---------------- ##
## Cache variables. ##
## ---------------- ##

ac_cv_c_compiler_gnu=yes
ac_cv_env_CC_set=set
ac_cv_env_CC_value=mpiicc
ac_cv_env_CFLAGS_set=set
ac_cv_env_CFLAGS_value=-O3
ac_cv_env_CPPFLAGS_set=set
ac_cv_env_CPPFLAGS_value='-DIFORT  '
ac_cv_env_FCFLAGS_set=
ac_cv_env_FCFLAGS_value=
ac_cv_env_FC_set=set
ac_cv_env_FC_value=mpiifort
ac_cv_env_LDFLAGS_set=
ac_cv_env_LDFLAGS_value=
ac_cv_env_build_alias_set=
ac_cv_env_build_alias_value=
ac_cv_env_host_alias_set=
ac_cv_env_host_alias_value=
ac_cv_env_target_alias_set=
ac_cv_env_target_alias_value=
ac_cv_exeext=
ac_cv_fc_compiler_gnu=no
ac_cv_fc_srcext_f90=none
ac_cv_lib_m_exp=yes
ac_cv_lib_proj_pj_init=yes
ac_cv_objext=o
ac_cv_path_install='/usr/bin/install -c'
ac_cv_prog_AWK=gawk
ac_cv_prog_ac_ct_CC=mpiicc
ac_cv_prog_ac_ct_RANLIB=ranlib
ac_cv_prog_cc_g=yes
ac_cv_prog_cc_stdc=
ac_cv_prog_fc_g=yes
ac_cv_prog_make_make_set=yes
am_cv_CC_dependencies_compiler_type=gcc3

## ----------------- ##
## Output variables. ##
## ----------------- ##

ACLOCAL='${SHELL} /work/gy29/y29007/Github/fvcom442/FVCOM_source_new/libs/fproj/missing --run aclocal-1.9'
AMDEPBACKSLASH='\'
AMDEP_FALSE='#'
AMDEP_TRUE=''
AMTAR='${SHELL} /work/gy29/y29007/Github/fvcom442/FVCOM_source_new/libs/fproj/missing --run tar'
AUTOCONF='${SHELL} /work/gy29/y29007/Github/fvcom442/FVCOM_source_new/libs/fproj/missing --run autoconf'
AUTOHEADER='${SHELL} /work/gy29/y29007/Github/fvcom442/FVCOM_source_new/libs/fproj/missing --run autoheader'
AUTOMAKE='${SHELL} /work/gy29/y29007/Github/fvcom442/FVCOM_source_new/libs/fproj/missing --run automake-1.9'
AWK='gawk'
CC='mpiicc'
CCDEPMODE='depmode=gcc3'
CFLAGS='-O3'
CPPFLAGS='-DIFORT   -I/work/gy29/y29007/Github/fvcom442/FVCOM_source_new/libs/install/include'
CYGPATH_W='echo'
DEFS='-DPACKAGE_NAME=\"libfproj4\" -DPACKAGE_TARNAME=\"libfproj4\" -DPACKAGE_VERSION=\"1.0\" -DPACKAGE_STRING=\"libfproj4\ 1.0\" -DPACKAGE_BUGREPORT=\"Magnus.Hagdorn@ed.ac.uk\" -DPACKAGE=\"libfproj4\" -DVERSION=\"1.0\" -DHAVE_LIBM=1 -DHAVE_LIBPROJ=1 '
DEPDIR='.deps'
ECHO_C=''
ECHO_N='-n'
ECHO_T=''
EXEEXT=''
FC='mpiifort'
FCFLAGS='-g'
FCFLAGS_f90=''
INSTALL_DATA='${INSTALL} -m 644'
INSTALL_PROGRAM='${INSTALL}'
INSTALL_SCRIPT='${INSTALL}'
INSTALL_STRIP_PROGRAM='${SHELL} $(install_sh) -c -s'
LDFLAGS=' -L/work/gy29/y29007/Github/fvcom442/FVCOM_source_new/libs/install/lib'
LIBOBJS=''
LIBS='-lproj -lm '
LTLIBOBJS=''
MAKEINFO='${SHELL} /work/gy29/y29007/Github/fvcom442/FVCOM_source_new/libs/fproj/missing --run makeinfo'
OBJEXT='o'
PACKAGE='libfproj4'
PACKAGE_BUGREPORT='Magnus.Hagdorn@ed.ac.uk'
PACKAGE_NAME='libfproj4'
PACKAGE_STRING='libfproj4 1.0'
PACKAGE_TARNAME='libfproj4'
PACKAGE_VERSION='1.0'
PATH_SEPARATOR=':'
RANLIB='ranlib'
SET_MAKE=''
SHELL='/bin/sh'
STRIP=''
VERSION='1.0'
ac_ct_CC='mpiicc'
ac_ct_FC=''
ac_ct_RANLIB='ranlib'
ac_ct_STRIP=''
am__fastdepCC_FALSE='#'
am__fastdepCC_TRUE=''
am__include='include'
am__leading_dot='.'
am__quote=''
am__tar='${AMTAR} chof - "$$tardir"'
am__untar='${AMTAR} xf -'
bindir='${exec_prefix}/bin'
build_alias=''
datadir='${prefix}/share'
exec_prefix='${prefix}'
host_alias=''
includedir='${prefix}/include'
infodir='${prefix}/info'
install_sh='/work/gy29/y29007/Github/fvcom442/FVCOM_source_new/libs/fproj/install-sh'
libdir='${exec_prefix}/lib'
libexecdir='${exec_prefix}/libexec'
localstatedir='${prefix}/var'
mandir='${prefix}/man'
mkdir_p='mkdir -p --'
oldincludedir='/usr/include'
prefix='/work/gy29/y29007/Github/fvcom442/FVCOM_source_new/libs/install'
program_transform_name='s,x,x,'
sbindir='${exec_prefix}/sbin'
sharedstatedir='${prefix}/com'
sysconfdir='${prefix}/etc'
target_alias=''

## ----------- ##
## confdefs.h. ##
## ----------- ##

#define HAVE_LIBM 1
#define HAVE_LIBPROJ 1
#define PACKAGE "libfproj4"
#define PACKAGE_BUGREPORT "Magnus.Hagdorn@ed.ac.uk"
#define PACKAGE_NAME "libfproj4"
#define PACKAGE_STRING "libfproj4 1.0"
#define PACKAGE_TARNAME "libfproj4"
#define PACKAGE_VERSION "1.0"
#define VERSION "1.0"

configure: exit 0
